INFO     14/04 14:50:50   antiSMASH version: 5.1.2
INFO     14/04 14:50:50   fasttree using executable: /usr/bin/fasttree
INFO     14/04 14:50:50   java using executable: /usr/bin/java (1.8.0_232)
INFO     14/04 14:50:50   hmmscan using executable: /usr/bin/hmmscan (3.1b2)
INFO     14/04 14:50:50   glimmerhmm using executable: /usr/bin/glimmerhmm
INFO     14/04 14:50:50   diamond using executable: /usr/bin/diamond-aligner (0.9.24)
INFO     14/04 14:50:50   muscle using executable: /usr/bin/muscle (v3.8.31)
INFO     14/04 14:50:50   hmmpfam2 using executable: /usr/bin/hmm2pfam (2.3.2)
INFO     14/04 14:50:50   makeblastdb using executable: /usr/bin/makeblastdb (2.6.0+)
INFO     14/04 14:50:50   blastp using executable: /usr/bin/blastp (2.6.0+)
INFO     14/04 14:50:50   meme using executable: /usr/bin/meme (4.11.2)
INFO     14/04 14:50:50   prodigal using executable: /usr/bin/prodigal (V2.6.3)
INFO     14/04 14:50:50   hmmpress using executable: /usr/bin/hmmpress (3.1b2)
INFO     14/04 14:50:50   hmmsearch using executable: /usr/bin/hmmsearch (3.1b2)
INFO     14/04 14:50:50   fimo using executable: /usr/bin/fimo (4.11.2)
DEBUG    14/04 14:50:50   Checking prerequisites for antismash.detection.genefinding
DEBUG    14/04 14:50:50   Checking prerequisites for antismash.detection.hmm_detection
DEBUG    14/04 14:50:50   Found file '/usr/local/lib/python3.5/dist-packages/antismash/detection/hmm_detection/data/bgc_seeds.hmm'
DEBUG    14/04 14:50:50   Found file '/usr/local/lib/python3.5/dist-packages/antismash/detection/hmm_detection/data/bgc_seeds.hmm.h3f'
DEBUG    14/04 14:50:50   Found file '/usr/local/lib/python3.5/dist-packages/antismash/detection/hmm_detection/data/bgc_seeds.hmm.h3i'
DEBUG    14/04 14:50:50   Found file '/usr/local/lib/python3.5/dist-packages/antismash/detection/hmm_detection/data/bgc_seeds.hmm.h3m'
DEBUG    14/04 14:50:50   Found file '/usr/local/lib/python3.5/dist-packages/antismash/detection/hmm_detection/data/bgc_seeds.hmm.h3p'
DEBUG    14/04 14:50:50   Checking prerequisites for antismash.detection.nrps_pks_domains
DEBUG    14/04 14:50:50   Found file '/usr/local/lib/python3.5/dist-packages/antismash/detection/nrps_pks_domains/data/abmotifs.hmm.h3f'
DEBUG    14/04 14:50:50   Found file '/usr/local/lib/python3.5/dist-packages/antismash/detection/nrps_pks_domains/data/abmotifs.hmm.h3i'
DEBUG    14/04 14:50:50   Found file '/usr/local/lib/python3.5/dist-packages/antismash/detection/nrps_pks_domains/data/abmotifs.hmm.h3m'
DEBUG    14/04 14:50:50   Found file '/usr/local/lib/python3.5/dist-packages/antismash/detection/nrps_pks_domains/data/abmotifs.hmm.h3p'
DEBUG    14/04 14:50:50   Found file '/usr/local/lib/python3.5/dist-packages/antismash/detection/nrps_pks_domains/data/dockingdomains.hmm.h3f'
DEBUG    14/04 14:50:50   Found file '/usr/local/lib/python3.5/dist-packages/antismash/detection/nrps_pks_domains/data/dockingdomains.hmm.h3i'
DEBUG    14/04 14:50:50   Found file '/usr/local/lib/python3.5/dist-packages/antismash/detection/nrps_pks_domains/data/dockingdomains.hmm.h3m'
DEBUG    14/04 14:50:50   Found file '/usr/local/lib/python3.5/dist-packages/antismash/detection/nrps_pks_domains/data/dockingdomains.hmm.h3p'
DEBUG    14/04 14:50:50   Found file '/usr/local/lib/python3.5/dist-packages/antismash/detection/nrps_pks_domains/data/ksdomains.hmm.h3f'
DEBUG    14/04 14:50:50   Found file '/usr/local/lib/python3.5/dist-packages/antismash/detection/nrps_pks_domains/data/ksdomains.hmm.h3i'
DEBUG    14/04 14:50:50   Found file '/usr/local/lib/python3.5/dist-packages/antismash/detection/nrps_pks_domains/data/ksdomains.hmm.h3m'
DEBUG    14/04 14:50:50   Found file '/usr/local/lib/python3.5/dist-packages/antismash/detection/nrps_pks_domains/data/ksdomains.hmm.h3p'
DEBUG    14/04 14:50:50   Found file '/usr/local/lib/python3.5/dist-packages/antismash/detection/nrps_pks_domains/data/nrpspksdomains.hmm.h3f'
DEBUG    14/04 14:50:50   Found file '/usr/local/lib/python3.5/dist-packages/antismash/detection/nrps_pks_domains/data/nrpspksdomains.hmm.h3i'
DEBUG    14/04 14:50:50   Found file '/usr/local/lib/python3.5/dist-packages/antismash/detection/nrps_pks_domains/data/nrpspksdomains.hmm.h3m'
DEBUG    14/04 14:50:50   Found file '/usr/local/lib/python3.5/dist-packages/antismash/detection/nrps_pks_domains/data/nrpspksdomains.hmm.h3p'
DEBUG    14/04 14:50:50   Checking prerequisites for antismash.detection.genefunctions
DEBUG    14/04 14:50:50   Found file '/databases/resfam/Resfams.hmm'
DEBUG    14/04 14:50:50   Found file '/usr/local/lib/python3.5/dist-packages/antismash/detection/genefunctions/data/smcogs.hmm.h3f'
DEBUG    14/04 14:50:50   Found file '/usr/local/lib/python3.5/dist-packages/antismash/detection/genefunctions/data/smcogs.hmm.h3i'
DEBUG    14/04 14:50:50   Found file '/usr/local/lib/python3.5/dist-packages/antismash/detection/genefunctions/data/smcogs.hmm.h3m'
DEBUG    14/04 14:50:50   Found file '/usr/local/lib/python3.5/dist-packages/antismash/detection/genefunctions/data/smcogs.hmm.h3p'
DEBUG    14/04 14:50:50   Checking prerequisites for antismash.modules.tta
DEBUG    14/04 14:50:50   Checking prerequisites for antismash.modules.lanthipeptides
DEBUG    14/04 14:50:50   missing cached SVM classifiers, rebuilding
DEBUG    14/04 14:50:50   Checking prerequisites for antismash.modules.thiopeptides
DEBUG    14/04 14:50:50   Checking prerequisites for antismash.modules.nrps_pks
DEBUG    14/04 14:50:50   Checking prerequisites for antismash.modules.clusterblast
DEBUG    14/04 14:50:50   Found file '/usr/local/lib/python3.5/dist-packages/antismash/modules/clusterblast/data/known/clusters.txt'
DEBUG    14/04 14:50:50   Found file '/usr/local/lib/python3.5/dist-packages/antismash/modules/clusterblast/data/known/proteins.fasta'
DEBUG    14/04 14:50:50   Found file '/usr/local/lib/python3.5/dist-packages/antismash/modules/clusterblast/data/known/proteins.dmnd'
DEBUG    14/04 14:50:50   Found file '/usr/local/lib/python3.5/dist-packages/antismash/modules/clusterblast/data/known/proteins.dmnd'
DEBUG    14/04 14:50:50   Found file '/databases/clusterblast/clusters.txt'
DEBUG    14/04 14:50:50   Found file '/databases/clusterblast/proteins.fasta'
DEBUG    14/04 14:50:50   Found file '/databases/clusterblast/proteins.dmnd'
DEBUG    14/04 14:50:51   Found file '/databases/clusterblast/proteins.dmnd'
DEBUG    14/04 14:50:51   Found file '/usr/local/lib/python3.5/dist-packages/antismash/modules/clusterblast/data/sub/proteins.fasta'
DEBUG    14/04 14:50:51   Found file '/usr/local/lib/python3.5/dist-packages/antismash/modules/clusterblast/data/sub/proteins.fasta.phr'
DEBUG    14/04 14:50:51   Found file '/usr/local/lib/python3.5/dist-packages/antismash/modules/clusterblast/data/sub/proteins.fasta.pin'
DEBUG    14/04 14:50:51   Found file '/usr/local/lib/python3.5/dist-packages/antismash/modules/clusterblast/data/sub/proteins.fasta.psq'
DEBUG    14/04 14:50:51   Found file '/usr/local/lib/python3.5/dist-packages/antismash/modules/clusterblast/data/sub/clusters.txt'
DEBUG    14/04 14:50:51   Checking prerequisites for antismash.modules.sactipeptides
DEBUG    14/04 14:50:51   Checking prerequisites for antismash.modules.lassopeptides
DEBUG    14/04 14:50:51   Checking prerequisites for antismash.modules.active_site_finder
DEBUG    14/04 14:50:51   Found file '/usr/local/lib/python3.5/dist-packages/antismash/modules/active_site_finder/data/PKSI-KR.hmm2'
DEBUG    14/04 14:50:51   Found file '/usr/local/lib/python3.5/dist-packages/antismash/modules/active_site_finder/data/PKSI-KS_N.hmm2'
DEBUG    14/04 14:50:51   Found file '/usr/local/lib/python3.5/dist-packages/antismash/modules/active_site_finder/data/PKSI-KS_C.hmm2'
DEBUG    14/04 14:50:51   Found file '/usr/local/lib/python3.5/dist-packages/antismash/modules/active_site_finder/data/PKSI-AT.hmm2'
DEBUG    14/04 14:50:51   Found file '/usr/local/lib/python3.5/dist-packages/antismash/modules/active_site_finder/data/PKSI-ACP.hmm2'
DEBUG    14/04 14:50:51   Found file '/usr/local/lib/python3.5/dist-packages/antismash/modules/active_site_finder/data/PKSI-DH.hmm2'
DEBUG    14/04 14:50:51   Found file '/usr/local/lib/python3.5/dist-packages/antismash/modules/active_site_finder/data/Thioesterase.hmm2'
DEBUG    14/04 14:50:51   Found file '/usr/local/lib/python3.5/dist-packages/antismash/modules/active_site_finder/data/PKSI-ER.hmm2'
DEBUG    14/04 14:50:51   Found file '/usr/local/lib/python3.5/dist-packages/antismash/modules/active_site_finder/data/p450.hmm2'
DEBUG    14/04 14:50:51   Checking prerequisites for antismash.modules.t2pks
DEBUG    14/04 14:50:51   Found file '/usr/local/lib/python3.5/dist-packages/antismash/modules/t2pks/data/KSIII.fasta'
DEBUG    14/04 14:50:51   Found file '/usr/local/lib/python3.5/dist-packages/antismash/modules/t2pks/data/KSIII.phr'
DEBUG    14/04 14:50:51   Found file '/usr/local/lib/python3.5/dist-packages/antismash/modules/t2pks/data/KSIII.pin'
DEBUG    14/04 14:50:51   Found file '/usr/local/lib/python3.5/dist-packages/antismash/modules/t2pks/data/KSIII.psq'
DEBUG    14/04 14:50:51   Found file '/usr/local/lib/python3.5/dist-packages/antismash/modules/t2pks/data/AT.fasta'
DEBUG    14/04 14:50:51   Found file '/usr/local/lib/python3.5/dist-packages/antismash/modules/t2pks/data/AT.phr'
DEBUG    14/04 14:50:51   Found file '/usr/local/lib/python3.5/dist-packages/antismash/modules/t2pks/data/AT.pin'
DEBUG    14/04 14:50:51   Found file '/usr/local/lib/python3.5/dist-packages/antismash/modules/t2pks/data/AT.psq'
DEBUG    14/04 14:50:51   Found file '/usr/local/lib/python3.5/dist-packages/antismash/modules/t2pks/data/LIG.fasta'
DEBUG    14/04 14:50:51   Found file '/usr/local/lib/python3.5/dist-packages/antismash/modules/t2pks/data/LIG.phr'
DEBUG    14/04 14:50:51   Found file '/usr/local/lib/python3.5/dist-packages/antismash/modules/t2pks/data/LIG.pin'
DEBUG    14/04 14:50:51   Found file '/usr/local/lib/python3.5/dist-packages/antismash/modules/t2pks/data/LIG.psq'
DEBUG    14/04 14:50:51   Found file '/usr/local/lib/python3.5/dist-packages/antismash/modules/t2pks/data/t2pks.hmm.h3f'
DEBUG    14/04 14:50:51   Found file '/usr/local/lib/python3.5/dist-packages/antismash/modules/t2pks/data/t2pks.hmm.h3i'
DEBUG    14/04 14:50:51   Found file '/usr/local/lib/python3.5/dist-packages/antismash/modules/t2pks/data/t2pks.hmm.h3m'
DEBUG    14/04 14:50:51   Found file '/usr/local/lib/python3.5/dist-packages/antismash/modules/t2pks/data/t2pks.hmm.h3p'
DEBUG    14/04 14:50:51   Checking prerequisites for antismash.outputs.html
DEBUG    14/04 14:50:51   Found file '/usr/local/lib/python3.5/dist-packages/antismash/outputs/html/css/bacteria.css'
DEBUG    14/04 14:50:51   Found file '/usr/local/lib/python3.5/dist-packages/antismash/outputs/html/css/fungi.css'
DEBUG    14/04 14:50:51   Found file '/usr/local/lib/python3.5/dist-packages/antismash/outputs/html/css/plants.css'
DEBUG    14/04 14:50:51   Checking options for antismash.detection.genefinding
DEBUG    14/04 14:50:51   Checking options for antismash.detection.hmm_detection
DEBUG    14/04 14:50:51   Checking options for antismash.detection.nrps_pks_domains
DEBUG    14/04 14:50:51   Checking options for antismash.detection.genefunctions
DEBUG    14/04 14:50:51   Checking options for antismash.modules.tta
DEBUG    14/04 14:50:51   Checking options for antismash.modules.lanthipeptides
DEBUG    14/04 14:50:51   Checking options for antismash.modules.thiopeptides
DEBUG    14/04 14:50:51   Checking options for antismash.modules.nrps_pks
DEBUG    14/04 14:50:51   Checking options for antismash.modules.clusterblast
DEBUG    14/04 14:50:51   Checking options for antismash.modules.sactipeptides
DEBUG    14/04 14:50:51   Checking options for antismash.modules.lassopeptides
DEBUG    14/04 14:50:51   Checking options for antismash.modules.active_site_finder
DEBUG    14/04 14:50:51   Checking options for antismash.modules.t2pks
DEBUG    14/04 14:50:51   Checking options for antismash.outputs.html
INFO     14/04 14:50:51   Parsing input sequence '/input/BGC0000300.gbk'
DEBUG    14/04 14:50:53   Stripping antiSMASH features and annotations from record: BGC0000300.1
DEBUG    14/04 14:50:54   Converting records from biopython to secmet
DEBUG    14/04 14:50:55   Removing existing region genbank files
DEBUG    14/04 14:50:55   Reusing output directory: /data/antismash/upload/bacteria-880e585c-a97f-4202-aacc-78124362f2ea
DEBUG    14/04 14:50:55   Preprocessing 1 sequences
DEBUG    14/04 14:50:55   Sanitising record ids and sequences
DEBUG    14/04 14:51:01   Removing sequences smaller than 1000 bases
DEBUG    14/04 14:51:01   Ensuring records have CDS features with all required information
INFO     14/04 14:51:05   Analysing record: BGC0000300.1
DEBUG    14/04 14:51:05   Checking if antismash.detection.full_hmmer should be run
INFO     14/04 14:51:05   Detecting secondary metabolite clusters
DEBUG    14/04 14:51:05   Checking if antismash.detection.hmm_detection should be run
INFO     14/04 14:51:05   Running antismash.detection.hmm_detection
INFO     14/04 14:51:05   HMM detection using strictness: relaxed
DEBUG    14/04 14:51:40   36 rule-based cluster(s) found in record
DEBUG    14/04 14:51:40   Checking if antismash.detection.cassis should be run
DEBUG    14/04 14:51:40   Checking if antismash.detection.clusterfinder_probabilistic should be run
DEBUG    14/04 14:51:40   36 protoclusters found
DEBUG    14/04 14:51:40   0 subregions found
INFO     14/04 14:51:40   26 region(s) detected in record
DEBUG    14/04 14:51:40   Checking if antismash.detection.nrps_pks_domains should be run
INFO     14/04 14:51:40   Running antismash.detection.nrps_pks_domains
DEBUG    14/04 14:51:40   Marking NRPS/PKS CDS features and domains in clusters
DEBUG    14/04 14:51:54   Adding detection results from antismash.detection.nrps_pks_domains to record
DEBUG    14/04 14:51:54   Checking if antismash.detection.cluster_hmmer should be run
DEBUG    14/04 14:51:54   Checking if antismash.detection.genefunctions should be run
INFO     14/04 14:51:54   Running antismash.detection.genefunctions
DEBUG    14/04 14:52:58   Adding detection results from antismash.detection.genefunctions to record
DEBUG    14/04 14:52:58   annotating CDS features with smcogs info: 354 CDSes
DEBUG    14/04 14:52:58   annotating CDS features with resist info: 0 CDSes
DEBUG    14/04 14:52:58   Checking if antismash.modules.smcog_trees should be run
DEBUG    14/04 14:52:58   Checking if antismash.modules.tta should be run
INFO     14/04 14:52:58   Running antismash.modules.tta
INFO     14/04 14:52:58   Detecting TTA codons
DEBUG    14/04 14:52:58   GC content: 70%
DEBUG    14/04 14:53:00   Detected 66 TTA codons
DEBUG    14/04 14:53:00   Checking if antismash.modules.lanthipeptides should be run
INFO     14/04 14:53:00   Running antismash.modules.lanthipeptides
DEBUG    14/04 14:53:01   Lanthipeptide module marked 0 motifs
DEBUG    14/04 14:53:01   Checking if antismash.modules.thiopeptides should be run
INFO     14/04 14:53:01   Running antismash.modules.thiopeptides
DEBUG    14/04 14:53:01   Thiopeptides marked 0 motifs
DEBUG    14/04 14:53:01   Checking if antismash.modules.nrps_pks should be run
INFO     14/04 14:53:01   Running antismash.modules.nrps_pks
INFO     14/04 14:53:01   Predicting A domain substrate specificities with NRPSPredictor2
INFO     14/04 14:53:35   Predicting PKS AT domain substrate specificities by Yadav et al. PKS signature sequences
INFO     14/04 14:53:50   Predicting PKS AT domain substrate specificities by Minowa et al. method
INFO     14/04 14:54:52   Predicting CAL domain substrate specificities by Minowa et al. method
INFO     14/04 14:54:53   Predicting PKS KR activity and stereochemistry using KR fingerprints from Starcevic et al.
DEBUG    14/04 14:55:19   missing NH2 from SMILES parts for domain nrpspksdomains_SSMG_01139_CAL_domain.1
DEBUG    14/04 14:55:19   CandidateCluster 4 monomer ordering method: colinear
DEBUG    14/04 14:55:19   CandidateCluster 6 monomer ordering method: colinear
DEBUG    14/04 14:55:19   CandidateCluster 11 monomer ordering method: colinear
DEBUG    14/04 14:55:19   CandidateCluster 14 monomer ordering method: colinear
DEBUG    14/04 14:55:19   CandidateCluster 15 monomer ordering method: colinear
DEBUG    14/04 14:55:19   CandidateCluster 17 monomer ordering method: colinear
DEBUG    14/04 14:55:19   CandidateCluster 19 monomer ordering method: colinear
DEBUG    14/04 14:55:19   CandidateCluster 20 monomer ordering method: colinear
DEBUG    14/04 14:55:19   CandidateCluster 21 monomer ordering method: colinear
DEBUG    14/04 14:55:19   CandidateCluster 22 monomer ordering method: colinear
DEBUG    14/04 14:55:19   CandidateCluster 23 monomer ordering method: colinear
DEBUG    14/04 14:55:19   CandidateCluster 25 monomer ordering method: colinear
DEBUG    14/04 14:55:19   CandidateCluster 26 monomer ordering method: colinear
DEBUG    14/04 14:55:19   CandidateCluster 27 monomer ordering method: colinear
DEBUG    14/04 14:55:19   CandidateCluster 30 monomer ordering method: colinear
DEBUG    14/04 14:55:19   CandidateCluster 31 monomer ordering method: colinear
DEBUG    14/04 14:55:19   CandidateCluster 36 monomer ordering method: colinear
DEBUG    14/04 14:55:19   CandidateCluster 37 monomer ordering method: colinear
DEBUG    14/04 14:55:19   Checking if antismash.modules.clusterblast should be run
INFO     14/04 14:55:19   Running antismash.modules.clusterblast
INFO     14/04 14:55:19   Finding internal homologs in each gene cluster...
INFO     14/04 14:55:28   Running subcluster search
INFO     14/04 14:55:28   SubClusterBlast: Loading gene cluster database into memory...
INFO     14/04 14:55:28   SubClusterBlast: Loading gene cluster database proteins into memory...
INFO     14/04 14:55:40   Running known cluster search
INFO     14/04 14:55:40   KnownClusterBlast: Loading gene cluster database into memory...
INFO     14/04 14:55:40   KnownClusterBlast: Loading gene cluster database proteins into memory...
DEBUG    14/04 14:55:40   Running DIAMOND knowncluster searches..
INFO     14/04 14:55:40   Comparing regions to reference database
DEBUG    14/04 14:56:12   Checking if antismash.modules.sactipeptides should be run
INFO     14/04 14:56:12   Running antismash.modules.sactipeptides
DEBUG    14/04 14:56:12   Found no sactipeptide motifs
DEBUG    14/04 14:56:12   Checking if antismash.modules.lassopeptides should be run
INFO     14/04 14:56:12   Running antismash.modules.lassopeptides
DEBUG    14/04 14:56:12   Lassopeptide module marked 0 motifs
DEBUG    14/04 14:56:12   Checking if antismash.modules.active_site_finder should be run
INFO     14/04 14:56:12   Running antismash.modules.active_site_finder
DEBUG    14/04 14:56:14   Checking if antismash.modules.pfam2go should be run
DEBUG    14/04 14:56:14   Checking if antismash.modules.t2pks should be run
INFO     14/04 14:56:14   Running antismash.modules.t2pks
DEBUG    14/04 14:56:14   No type II PKS clusters to analyze
DEBUG    14/04 14:56:14   Writing json results to '/data/antismash/upload/bacteria-880e585c-a97f-4202-aacc-78124362f2ea/BGC0000300.json'
DEBUG    14/04 14:56:15   Record BGC0000300.1 has results for modules: active_site_finder, genefunctions, tta, hmm_detection, clusterblast, thiopeptides, nrps_pks_domains, lanthipeptides, lassopeptides, t2pks, sactipeptides, nrps_pks
DEBUG    14/04 14:56:15   Converting antismash.modules.active_site_finder results to json
DEBUG    14/04 14:56:15   Converting antismash.detection.genefunctions results to json
DEBUG    14/04 14:56:15   Converting antismash.modules.tta results to json
DEBUG    14/04 14:56:15   Converting antismash.detection.hmm_detection results to json
DEBUG    14/04 14:56:15   Converting antismash.modules.clusterblast results to json
DEBUG    14/04 14:56:15   Converting antismash.modules.thiopeptides results to json
DEBUG    14/04 14:56:15   Converting antismash.detection.nrps_pks_domains results to json
DEBUG    14/04 14:56:15   Converting antismash.modules.lanthipeptides results to json
DEBUG    14/04 14:56:15   Converting antismash.modules.lassopeptides results to json
DEBUG    14/04 14:56:15   Converting antismash.modules.t2pks results to json
DEBUG    14/04 14:56:15   Converting antismash.modules.sactipeptides results to json
DEBUG    14/04 14:56:15   Converting antismash.modules.nrps_pks results to json
DEBUG    14/04 14:56:16   Annotating record BGC0000300.1 with results from: active_site_finder, genefunctions, tta, hmm_detection, clusterblast, thiopeptides, nrps_pks_domains, lanthipeptides, lassopeptides, t2pks, sactipeptides, nrps_pks
DEBUG    14/04 14:56:16    Adding results from antismash.modules.active_site_finder
DEBUG    14/04 14:56:16    Adding results from antismash.modules.tta
DEBUG    14/04 14:56:16    Adding results from antismash.modules.clusterblast
DEBUG    14/04 14:56:16    Adding results from antismash.modules.thiopeptides
DEBUG    14/04 14:56:16    Adding results from antismash.modules.lanthipeptides
DEBUG    14/04 14:56:16    Adding results from antismash.modules.lassopeptides
DEBUG    14/04 14:56:16    Adding results from antismash.modules.t2pks
DEBUG    14/04 14:56:16    Adding results from antismash.modules.sactipeptides
DEBUG    14/04 14:56:16    Adding results from antismash.modules.nrps_pks
DEBUG    14/04 14:56:16   Creating results page
DEBUG    14/04 14:56:57   Creating results SVGs
DEBUG    14/04 14:56:57   Writing seq_records SVGs to '/data/antismash/upload/bacteria-880e585c-a97f-4202-aacc-78124362f2ea/svg'
DEBUG    14/04 14:56:59   Writing cluster-specific genbank files
DEBUG    14/04 14:57:01   Writing final genbank file to '/data/antismash/upload/bacteria-880e585c-a97f-4202-aacc-78124362f2ea/BGC0000300.gbk'
DEBUG    14/04 14:57:02   Zipping output to '/data/antismash/upload/bacteria-880e585c-a97f-4202-aacc-78124362f2ea/BGC0000300.zip'
